
GET /contacts 09-07-2023_01:35:40
GET /contacts 09-07-2023_01:35:45
GET /contacts 09-07-2023, 03:00:31, pm
GET /contacts 09-07-2023, 03:00:36, pm
GET / 09-07-2023, 03:00:45, pm
GET / 09-07-2023, 03:03:18, pm
GET / 09-07-2023, 03:03:21, pm
GET / 09-07-2023, 03:04:28, pm
GET / 09-07-2023, 03:04:31, pm
GET / 09-07-2023, 03:09:49, pm
GET / 09-07-2023, 03:09:51, pm
GET / 09-07-2023, 03:09:52, pm
GET / 09-07-2023, 03:09:52, pm
GET / 09-07-2023, 03:09:56, pm
GET /api/ 09-07-2023, 11:15:04, pm
GET /api/ 09-07-2023, 11:26:10, pm
GET /api/contacts/ 10-07-2023, 11:45:54, am
GET /api/contacts/ 10-07-2023, 12:55:11, pm
GET /favicon.ico 10-07-2023, 12:55:12, pm
GET /api/contacts/ 10-07-2023, 12:55:58, pm
GET /api/contacts/e6ywwRe4jcqxXfCZOj_1e 10-07-2023, 12:56:44, pm
GET /api/contacts/e6ywwRe4jcqxXfCZOj_1e 10-07-2023, 01:02:18, pm
GET /api/contacts/e6ywwRe4jcqxXfCZOj_1e 10-07-2023, 01:04:40, pm
GET /api/contacts/e6ywwRe4jcqxXfCZOj_1e 10-07-2023, 01:06:05, pm
GET /api/contacts/ 10-07-2023, 01:06:57, pm
GET /api/contacts/e6ywwRe4jcqxXfCZOj_1e 10-07-2023, 01:07:48, pm
GET /api/contacts/e6ywwRe4jcqxXfCZOj_1e 10-07-2023, 01:07:54, pm
GET /api/contacts/e6ywwRe4jcqxXfCZOj_1e 10-07-2023, 01:08:08, pm
GET /api/contacts/e6ywwRe4jcqxXfCZOj_1e 10-07-2023, 01:08:33, pm
GET /api/contacts 10-07-2023, 01:09:12, pm
POST /api/contacts 10-07-2023, 01:10:32, pm
POST /api/contacts 10-07-2023, 01:12:21, pm
POST /api/contacts 10-07-2023, 01:14:03, pm
POST /api/contacts 10-07-2023, 01:16:52, pm
POST /api/contacts 10-07-2023, 01:18:09, pm
POST /api/contacts 10-07-2023, 01:24:09, pm
POST /api/contacts 10-07-2023, 01:41:58, pm
POST /api/contacts 10-07-2023, 01:42:43, pm
POST /api/contacts 10-07-2023, 01:42:51, pm
POST /api/contacts 10-07-2023, 01:43:09, pm
POST /api/contacts 10-07-2023, 01:43:24, pm
POST /api/contacts 10-07-2023, 01:43:42, pm
POST /api/contacts 10-07-2023, 01:43:51, pm
POST /api/contacts 10-07-2023, 01:43:59, pm
POST /api/contacts 10-07-2023, 01:44:10, pm
POST /api/contacts 10-07-2023, 01:44:57, pm
POST /api/contacts 10-07-2023, 01:49:40, pm
POST /api/contacts 10-07-2023, 01:49:50, pm
POST /api/contacts 10-07-2023, 01:50:02, pm
POST /api/contacts 10-07-2023, 01:50:22, pm
POST /api/contacts 10-07-2023, 01:50:41, pm
POST /api/contacts 10-07-2023, 01:51:18, pm
POST /api/contacts 10-07-2023, 01:52:41, pm
POST /api/contacts 10-07-2023, 02:12:50, pm
POST /api/contacts 10-07-2023, 02:15:07, pm
POST /api/contacts 10-07-2023, 02:16:01, pm
GET /api/contacts/ 10-07-2023, 02:46:56, pm
POST /api/contacts 10-07-2023, 02:47:07, pm
PUT /api/contacts 10-07-2023, 02:48:43, pm
PUT /api/contacts 10-07-2023, 02:49:04, pm
PUT /api/contacts 10-07-2023, 02:49:22, pm
PUT /api/contacts/ 10-07-2023, 02:49:31, pm
GET /api/contacts/05olLMgyVQdWRwgKfg5J6 10-07-2023, 02:49:56, pm
GET /api/contacts/05olLMgyVQdWRwgKfg5J6 10-07-2023, 02:51:45, pm
PUT /api/contacts/05olLMgyVQdWRwgKfg5J6 10-07-2023, 02:52:34, pm
DELETE /api/contacts/IrbXq1NNlByxmDrzsqnRh 10-07-2023, 03:09:15, pm
DELETE /api/contacts/IrbXq1NNlByxmDrzsqnRh 10-07-2023, 03:09:59, pm
DELETE /api/contacts/IrbXq1NNlByxmDrzsqnRh 10-07-2023, 03:10:04, pm
DELETE /api/contacts/IrbXq1NNlByxmDrzsqnRh 10-07-2023, 03:10:19, pm
DELETE /api/contacts/IrbXq1NNlByxmDrzsqnRh 10-07-2023, 03:11:08, pm
DELETE /api/contacts/IrbXq1NNlByxmDrzsqnRh 10-07-2023, 03:11:12, pm
DELETE /api/contacts/IrbXq1NNlByxmDrzsqnRh 10-07-2023, 03:12:05, pm
DELETE /api/contacts/IrbXq1NNlByxmDrzsqnRh 10-07-2023, 03:28:05, pm
DELETE /api/contacts/IrbXq1NNlByx 10-07-2023, 03:28:17, pm
POST /api/contacts 10-07-2023, 03:28:58, pm
POST /api/contacts 10-07-2023, 03:30:14, pm
POST /api/contacts 10-07-2023, 03:32:06, pm
POST /api/contacts 10-07-2023, 03:35:42, pm
PUT /api/contacts/baueAhhPQWSUwjlCXDei9 10-07-2023, 03:37:12, pm
PUT /api/contacts/baueAhhPQWSUwjlCXDei9 10-07-2023, 03:38:12, pm
PUT /api/contacts/o_OxjwdIpaIs3JmKfyRjZ 10-07-2023, 03:38:46, pm
POST /api/contacts 10-07-2023, 03:40:39, pm
PUT /api/contacts/TJdaEsw0-ldTDes7UhN-8 10-07-2023, 03:46:02, pm
PUT /api/contacts/TJdaEsw0-ldTDes7UhN-8 10-07-2023, 03:47:59, pm
GET /api/contacts/baueAhhPQWSUwjlCXDei9 10-07-2023, 03:50:46, pm
PUT /api/contacts/baueAhhPQWSUwjlCXDei9 10-07-2023, 03:52:10, pm
PUT /api/contacts/baueAhhPQWSUwjlCXDei9 10-07-2023, 03:52:31, pm
DELETE /api/contacts/baueAhhPQWSUwjlCXDei9 10-07-2023, 03:53:14, pm
DELETE /api/contacts/o_OxjwdIpaIs3JmKfyRjZ 10-07-2023, 03:53:33, pm
DELETE /api/contacts/o_OxjwdIpaIs3JmKfyRjZ 10-07-2023, 03:53:40, pm
DELETE /api/contacts/o_OxjwdIpaIs3JmKfyRjZ 10-07-2023, 03:53:49, pm
DELETE /api/contacts/eZ_GMp5f8oxwOgn5xBRLu 10-07-2023, 03:54:16, pm
DELETE /api/contacts/eZ_GMp5f8oxwOgn5xBRLu 10-07-2023, 03:54:25, pm
DELETE /api/contacts/eZ_GMp5f8oxwOgn5xBRLu 10-07-2023, 04:00:52, pm
DELETE /api/contacts/eZ_GMp5f8oxwOgn5xBRLu 10-07-2023, 04:00:56, pm
DELETE /api/contacts/ogonrjaJfuoAv53JLTK3C 10-07-2023, 04:01:05, pm
DELETE /api/contacts/ogonrjaJfuoAv53JLTK3C 10-07-2023, 04:01:11, pm
DELETE /api/contacts/ogonrjaJfuoAv53JLTK3C 10-07-2023, 04:01:15, pm
DELETE /api/contacts/6iasTgcfj6B09L8Qg_Dfn 10-07-2023, 04:06:24, pm
DELETE /api/contacts/6iasTgcfj6B09L8Qg_Dfn 10-07-2023, 04:06:27, pm
DELETE /api/contacts/3I7xFu7LntWGF-LrOZ9Dk 10-07-2023, 04:06:48, pm
GET / 11-07-2023, 01:20:22, pm
GET /api/contacts 11-07-2023, 01:20:26, pm
GET /api/contacts 11-07-2023, 01:20:30, pm
GET /api/contacts 11-07-2023, 01:22:45, pm
GET /api/contacts 11-07-2023, 01:22:57, pm
GET /api/contacts 11-07-2023, 01:24:15, pm
GET /api/contacts 11-07-2023, 01:24:23, pm
GET /api/contacts 11-07-2023, 01:27:09, pm
GET /api/contacts 11-07-2023, 01:39:13, pm
GET /api/contacts 11-07-2023, 01:40:16, pm
GET /api/contacts 11-07-2023, 01:44:36, pm
GET /api/contacts 11-07-2023, 01:45:00, pm
GET / 11-07-2023, 01:45:09, pm
GET /api/contacts 11-07-2023, 01:45:21, pm
GET /api/contacts 11-07-2023, 02:04:26, pm
GET /api/contacts 11-07-2023, 02:05:39, pm
GET /api/contacts 11-07-2023, 02:10:26, pm
GET /api/contacts 11-07-2023, 02:30:15, pm
GET /api/contacts/drsAJ4SHPYqZeG-83QTVW 11-07-2023, 02:30:19, pm
GET /api/contacts 11-07-2023, 02:30:25, pm
GET /api/contacts/drsAJ4SHPYqZeG-83QTVW 11-07-2023, 02:30:36, pm
POST /api/contacts 11-07-2023, 02:31:41, pm
PUT /api/contacts/HcFnl3Y_HRq_62rVYDspb 11-07-2023, 02:34:07, pm
DELETE /api/contacts/HcFnl3Y_HRq_62rVYDspb 11-07-2023, 02:34:26, pm
GET /api/contacts/drsAJ4SHPYqZeG-83QTVW 11-07-2023, 03:04:26, pm
GET /api/contacts/ 11-07-2023, 03:04:29, pm
GET /api/contacts 11-07-2023, 03:04:46, pm
GET /api/contacts/AeHIrLTr6JkxGE6SN-0Rw 11-07-2023, 03:04:54, pm
PUT /api/contacts 11-07-2023, 03:05:19, pm
PUT /api/contacts/ 11-07-2023, 03:05:33, pm
GET /api/contacts/ 11-07-2023, 03:06:00, pm
DELETE /api/contacts/AeHIrLTr6JkxGE6SN-0Rw 11-07-2023, 03:06:31, pm
PUT /api/contacts/ 11-07-2023, 03:07:19, pm
POST /api/contacts/ 11-07-2023, 03:07:27, pm
PUT /api/contacts/AeHIrLTr6JkxGE6SN-0Rw 11-07-2023, 03:07:55, pm
PUT /api/contacts/AeHIrLTr6JkxGE6SN-0Rw 11-07-2023, 03:11:43, pm
PUT /api/contacts/ 11-07-2023, 03:12:22, pm
PUT /api/contacts 11-07-2023, 03:12:31, pm
POST /api/contacts/ 11-07-2023, 03:12:44, pm
POST /api/contacts 11-07-2023, 03:12:53, pm
DELETE /api/contacts/RzQ0_zFxABAPi4_WZzB1Z 11-07-2023, 03:13:15, pm
DELETE /api/contacts/nIDZ3VcJ8RE_gW5TasYOR 11-07-2023, 03:13:26, pm
POST /api/contacts/nIDZ3VcJ8RE_gW5TasYOR 11-07-2023, 03:14:14, pm
POST /api/contacts/nIDZ3VcJ8RE_gW5TasYOR 11-07-2023, 03:14:24, pm
POST /api/contacts 11-07-2023, 03:14:34, pm
POST /api/contacts 11-07-2023, 03:26:45, pm
POST /api/contacts 11-07-2023, 03:27:19, pm
PUT /api/contacts/5BdzBPhmEfZfR12FhheQC 11-07-2023, 03:28:32, pm
PUT /api/contacts/5BdzBPhmEfZfR12FhheQC 11-07-2023, 03:28:48, pm
PUT /api/contacts/5BdzBPhmEfZfR12FhheQC 11-07-2023, 03:29:03, pm
PUT /api/contacts/5BdzBPhmEfZfR12FhheQC 11-07-2023, 03:29:13, pm
PUT /api/contacts/5BdzBPhmEfZfR12FhheQC 11-07-2023, 03:29:19, pm
DELETE /api/contacts/5BdzBPhmEfZfR12FhheQC 11-07-2023, 03:29:32, pm
GET /api/contacts 12-07-2023, 01:59:05, am
GET /favicon.ico 12-07-2023, 01:59:06, am
GET /api/contacts/64ac7da272fb70046a9758a6 12-07-2023, 01:59:19, am
GET /api/contacts/64ac7da272fb70046a9758a8 12-07-2023, 01:59:38, am
GET /api/contacts 12-07-2023, 02:00:05, am
PUT /api/contacts 12-07-2023, 02:01:20, am
PUT /api/contacts 12-07-2023, 02:01:44, am
POST /api/contacts 12-07-2023, 02:02:06, am
POST /api/contacts 12-07-2023, 02:02:17, am
GET /api/contacts 12-07-2023, 02:03:07, am
GET /api/contacts/64ac7da272fb70046a9758ac 12-07-2023, 02:03:25, am
GET /api/contacts/64ac7da272fb70046a9758a8 12-07-2023, 10:06:01, am
GET /favicon.ico 12-07-2023, 10:06:02, am
GET /api/contacts/64ac7da272fb70046a9758a8 12-07-2023, 10:06:05, am
GET /api/contacts/ 12-07-2023, 10:06:10, am
GET /api/contacts/ 12-07-2023, 10:06:17, am
GET /api/contacts 12-07-2023, 10:07:44, am
GET /api/contacts 12-07-2023, 10:08:03, am
GET /api/contacts/ 12-07-2023, 10:08:54, am
POST /api/contacts 12-07-2023, 10:11:33, am
POST /api/contacts 12-07-2023, 10:11:54, am
GET /api/contacts 12-07-2023, 10:12:21, am
POST /api/contacts 12-07-2023, 10:16:57, am
POST /api/contacts 12-07-2023, 10:18:34, am
GET /api/contacts/ 12-07-2023, 10:18:56, am
POST /api/contacts 12-07-2023, 10:19:33, am
GET /api/contacts/ 12-07-2023, 02:25:59, pm
GET /api/contacts/ 12-07-2023, 02:26:06, pm
GET /api/contacts/ 12-07-2023, 02:27:22, pm
GET /api/contacts/ 12-07-2023, 02:27:27, pm
GET /api/contacts/C9sjBfCo4UJCWjzBnOtxl 12-07-2023, 02:27:36, pm
GET /api/contacts 12-07-2023, 02:28:08, pm
GET /api/contacts 12-07-2023, 02:28:54, pm
GET /api/contacts 12-07-2023, 02:31:40, pm
GET /api/contacts 12-07-2023, 02:40:55, pm
GET /api/contacts 12-07-2023, 02:40:59, pm
GET /api/contacts 12-07-2023, 02:48:52, pm
GET /api/contacts 12-07-2023, 02:48:57, pm
GET /api/contacts 12-07-2023, 02:51:43, pm
GET /api/contacts 12-07-2023, 02:58:30, pm
GET /api/contacts 12-07-2023, 03:02:26, pm
GET /api/contacts 12-07-2023, 03:20:49, pm
GET /api/contacts 12-07-2023, 03:21:26, pm
GET /api/contacts 12-07-2023, 03:21:32, pm
GET /api/contacts/64ac7da272fb70046a9758a7 12-07-2023, 03:21:44, pm
GET /api/contacts 12-07-2023, 03:22:49, pm
POST /api/contacts 12-07-2023, 03:23:14, pm
POST /api/contacts 12-07-2023, 03:24:54, pm
POST /api/contacts 12-07-2023, 04:02:55, pm
POST /api/contacts 12-07-2023, 04:07:47, pm
POST /api/contacts 12-07-2023, 04:08:26, pm
GET /api/contacts 12-07-2023, 05:22:58, pm
POST /api/contacts 12-07-2023, 05:24:14, pm
POST /api/contacts 12-07-2023, 05:24:27, pm
POST /api/contacts 12-07-2023, 05:24:35, pm
PUT /api/contacts/64aeb7a32b8434428ed6bff3 12-07-2023, 05:25:32, pm
PATCH /api/contacts/64aeb7a32b8434428ed6bff3 12-07-2023, 05:26:16, pm
PATCH /api/contacts/64aeb7a32b8434428ed6bff3/favorite 12-07-2023, 05:27:07, pm
DELETE /api/contacts/64aeb7a32b8434428ed6bff3 12-07-2023, 05:28:50, pm
DELETE /api/contacts/64aea5ca75e3796e064698ac 12-07-2023, 05:29:27, pm
DELETE /api/contacts/64ae53ca3680cb5181285d17 12-07-2023, 05:30:01, pm
GET /api/contacts 13-07-2023, 08:53:11, am
GET /api/contacts 13-07-2023, 04:05:45, pm
GET /favicon.ico 13-07-2023, 04:05:45, pm
GET /api/contacts/64ac7da272fb70046a9758a8 13-07-2023, 04:05:55, pm
GET /api/auth 13-07-2023, 04:32:18, pm
GET /api/auth/register 13-07-2023, 10:31:40, pm
GET /api/auth/ 13-07-2023, 10:31:51, pm
GET /api/auth 13-07-2023, 10:31:57, pm
GET /api/auth/register 13-07-2023, 10:34:32, pm
POST /api/auth/register 13-07-2023, 11:21:56, pm
GET /api/auth 13-07-2023, 11:24:30, pm
GET /api/contacts 13-07-2023, 11:24:54, pm
GET /api/auth 13-07-2023, 11:25:43, pm
POST /api/auth 13-07-2023, 11:25:55, pm
POST /api/auth 13-07-2023, 11:26:02, pm
POST /api/auth 13-07-2023, 11:27:39, pm
POST /api/auth/register 13-07-2023, 11:27:57, pm
GET /api/auth/register 13-07-2023, 11:29:53, pm
POST /api/auth/register 14-07-2023, 12:00:08, am
POST /api/auth/register 14-07-2023, 12:01:45, am
POST /api/auth/register 14-07-2023, 12:03:46, am
POST /api/auth/register 14-07-2023, 12:07:17, am
POST /api/auth/register 14-07-2023, 12:07:23, am
POST /api/auth/register 14-07-2023, 12:11:13, am
POST /api/auth/register 14-07-2023, 12:12:08, am
POST /api/auth/register 14-07-2023, 12:13:57, am
POST /api/auth/register 14-07-2023, 12:15:28, am
POST /api/auth/register 14-07-2023, 12:15:40, am
POST /api/auth/register 14-07-2023, 12:16:00, am
POST /api/auth/register 14-07-2023, 12:18:12, am
POST /api/auth/register 14-07-2023, 12:18:16, am
POST /api/auth/register 14-07-2023, 12:29:28, am
POST /api/auth/register 14-07-2023, 12:30:42, am
POST /api/auth/register 14-07-2023, 12:38:28, am
POST /api/auth/register 14-07-2023, 12:41:59, am
POST /api/auth/register 14-07-2023, 12:42:21, am
POST /api/auth/register 14-07-2023, 12:48:33, am
POST /api/auth/register 14-07-2023, 12:52:05, am
POST /api/auth/register 14-07-2023, 12:53:13, am
POST /api/auth/register 14-07-2023, 12:54:35, am
POST /api/auth/register 14-07-2023, 01:06:51, am
POST /api/auth/register 14-07-2023, 01:07:04, am
POST /api/auth/register 14-07-2023, 01:13:11, am
POST /api/auth/register 14-07-2023, 01:23:14, am
POST /api/auth/register 14-07-2023, 01:48:17, am